<?xml version="1.0" encoding="UTF-8"?>
<!-- Generated by org.testng.reporters.JUnitReportReporter -->
<testsuite hostname="shwetamahajan" failures="0" tests="1" name="com.keyworddriven.tests.FbLoginTest" time="17.311" errors="0" timestamp="11 Mar 2020 13:19:29 GMT" skipped="0">
  <testcase classname="com.keyworddriven.tests.FbLoginTest" name="loginTest" time="17.311"/>
</testsuite> <!-- com.keyworddriven.tests.FbLoginTest -->
